# JRE version: OpenJDK Runtime Environment (17.0.7) (build 17.0.7+0-b2043.56-10550314)
# Java VM: OpenJDK 64-Bit Server VM (17.0.7+0-b2043.56-10550314, mixed mode, tiered, compressed oops, compressed class ptrs, g1 gc, windows-amd64)
GC Precious Log:
 CPUs: 8 total, 8 available
 Memory: 7987M
 Large Page Support: Disabled
 NUMA Support: Disabled
 Compressed Oops: Enabled (32-bit)
 Heap Region Size: 1M
 Heap Min Capacity: 8M
 Heap Initial Capacity: 126M
 Heap Max Capacity: 2G
 Pre-touch: Disabled
 Parallel Workers: 8
 Concurrent Workers: 2
 Concurrent Refinement Workers: 8
 Periodic GC: Disabled
Heap:
 garbage-first heap   total 265216K, used 139264K [0x0000000080000000, 0x0000000100000000)
  region size 1024K, 37 young (37888K), 8 survivors (8192K)
 Metaspace       used 115947K, committed 116864K, reserved 1179648K
  class space    used 15496K, committed 15936K, reserved 1048576K
GC Heap History (20 events):
Event: 10.256 GC heap before
{Heap before GC invocations=32 (full 0):
 garbage-first heap   total 107520K, used 84535K [0x0000000080000000, 0x0000000100000000)
  region size 1024K, 16 young (16384K), 1 survivors (1024K)
 Metaspace       used 67771K, committed 68352K, reserved 1114112K
  class space    used 9037K, committed 9280K, reserved 1048576K
}
Event: 10.258 GC heap after
{Heap after GC invocations=33 (full 0):
 garbage-first heap   total 107520K, used 71840K [0x0000000080000000, 0x0000000100000000)
  region size 1024K, 2 young (2048K), 2 survivors (2048K)
 Metaspace       used 67771K, committed 68352K, reserved 1114112K
  class space    used 9037K, committed 9280K, reserved 1048576K
}
Event: 10.473 GC heap before
{Heap before GC invocations=34 (full 0):
 garbage-first heap   total 117760K, used 82080K [0x0000000080000000, 0x0000000100000000)
  region size 1024K, 16 young (16384K), 2 survivors (2048K)
 Metaspace       used 68845K, committed 69376K, reserved 1114112K
  class space    used 9183K, committed 9408K, reserved 1048576K
}
Event: 10.475 GC heap after
{Heap after GC invocations=35 (full 0):
 garbage-first heap   total 117760K, used 69235K [0x0000000080000000, 0x0000000100000000)
  region size 1024K, 1 young (1024K), 1 survivors (1024K)
 Metaspace       used 68845K, committed 69376K, reserved 1114112K
  class space    used 9183K, committed 9408K, reserved 1048576K
}
Event: 10.527 GC heap before
{Heap before GC invocations=35 (full 0):
 garbage-first heap   total 117760K, used 73331K [0x0000000080000000, 0x0000000100000000)
  region size 1024K, 5 young (5120K), 1 survivors (1024K)
 Metaspace       used 69143K, committed 69696K, reserved 1114112K
  class space    used 9219K, committed 9472K, reserved 1048576K
}
Event: 10.529 GC heap after
{Heap after GC invocations=36 (full 0):
 garbage-first heap   total 265216K, used 69058K [0x0000000080000000, 0x0000000100000000)
  region size 1024K, 1 young (1024K), 1 survivors (1024K)
 Metaspace       used 69143K, committed 69696K, reserved 1114112K
  class space    used 9219K, committed 9472K, reserved 1048576K
}
Event: 12.409 GC heap before
{Heap before GC invocations=36 (full 0):
 garbage-first heap   total 265216K, used 179650K [0x0000000080000000, 0x0000000100000000)
  region size 1024K, 106 young (108544K), 1 survivors (1024K)
 Metaspace       used 78574K, committed 79168K, reserved 1179648K
  class space    used 10538K, committed 10816K, reserved 1048576K
}
Event: 12.416 GC heap after
{Heap after GC invocations=37 (full 0):
 garbage-first heap   total 265216K, used 79896K [0x0000000080000000, 0x0000000100000000)
  region size 1024K, 7 young (7168K), 7 survivors (7168K)
 Metaspace       used 78574K, committed 79168K, reserved 1179648K
  class space    used 10538K, committed 10816K, reserved 1048576K
}
Event: 16.792 GC heap before
{Heap before GC invocations=37 (full 0):
 garbage-first heap   total 265216K, used 197656K [0x0000000080000000, 0x0000000100000000)
  region size 1024K, 122 young (124928K), 7 survivors (7168K)
 Metaspace       used 86550K, committed 87232K, reserved 1179648K
  class space    used 11840K, committed 12160K, reserved 1048576K
}
Event: 16.800 GC heap after
{Heap after GC invocations=38 (full 0):
 garbage-first heap   total 265216K, used 84994K [0x0000000080000000, 0x0000000100000000)
  region size 1024K, 12 young (12288K), 12 survivors (12288K)
 Metaspace       used 86550K, committed 87232K, reserved 1179648K
  class space    used 11840K, committed 12160K, reserved 1048576K
}
Event: 21.620 GC heap before
{Heap before GC invocations=38 (full 0):
 garbage-first heap   total 265216K, used 203778K [0x0000000080000000, 0x0000000100000000)
  region size 1024K, 128 young (131072K), 12 survivors (12288K)
 Metaspace       used 96083K, committed 96832K, reserved 1179648K
  class space    used 13213K, committed 13568K, reserved 1048576K
}
Event: 21.632 GC heap after
{Heap after GC invocations=39 (full 0):
 garbage-first heap   total 265216K, used 93135K [0x0000000080000000, 0x0000000100000000)
  region size 1024K, 13 young (13312K), 13 survivors (13312K)
 Metaspace       used 96083K, committed 96832K, reserved 1179648K
  class space    used 13213K, committed 13568K, reserved 1048576K
}
Event: 32.148 GC heap before
{Heap before GC invocations=39 (full 0):
 garbage-first heap   total 265216K, used 212943K [0x0000000080000000, 0x0000000100000000)
  region size 1024K, 126 young (129024K), 13 survivors (13312K)
 Metaspace       used 102708K, committed 103360K, reserved 1179648K
  class space    used 14077K, committed 14400K, reserved 1048576K
}
Event: 32.161 GC heap after
{Heap after GC invocations=40 (full 0):
 garbage-first heap   total 265216K, used 103114K [0x0000000080000000, 0x0000000100000000)
  region size 1024K, 16 young (16384K), 16 survivors (16384K)
 Metaspace       used 102708K, committed 103360K, reserved 1179648K
  class space    used 14077K, committed 14400K, reserved 1048576K
}
Event: 41.050 GC heap before
{Heap before GC invocations=40 (full 0):
 garbage-first heap   total 265216K, used 217802K [0x0000000080000000, 0x0000000100000000)
  region size 1024K, 121 young (123904K), 16 survivors (16384K)
 Metaspace       used 105993K, committed 106752K, reserved 1179648K
  class space    used 14326K, committed 14720K, reserved 1048576K
}
Event: 41.063 GC heap after
{Heap after GC invocations=41 (full 0):
 garbage-first heap   total 265216K, used 110592K [0x0000000080000000, 0x0000000100000000)
  region size 1024K, 7 young (7168K), 7 survivors (7168K)
 Metaspace       used 105993K, committed 106752K, reserved 1179648K
  class space    used 14326K, committed 14720K, reserved 1048576K
}
Event: 46.107 GC heap before
{Heap before GC invocations=41 (full 0):
 garbage-first heap   total 265216K, used 212992K [0x0000000080000000, 0x0000000100000000)
  region size 1024K, 108 young (110592K), 7 survivors (7168K)
 Metaspace       used 110348K, committed 111168K, reserved 1179648K
  class space    used 14775K, committed 15168K, reserved 1048576K
}
Event: 46.110 GC heap after
{Heap after GC invocations=42 (full 0):
 garbage-first heap   total 265216K, used 107091K [0x0000000080000000, 0x0000000100000000)
  region size 1024K, 4 young (4096K), 4 survivors (4096K)
 Metaspace       used 110348K, committed 111168K, reserved 1179648K
  class space    used 14775K, committed 15168K, reserved 1048576K
}
Event: 72.733 GC heap before
{Heap before GC invocations=42 (full 0):
 garbage-first heap   total 265216K, used 178771K [0x0000000080000000, 0x0000000100000000)
  region size 1024K, 76 young (77824K), 4 survivors (4096K)
 Metaspace       used 113285K, committed 114048K, reserved 1179648K
  class space    used 15126K, committed 15488K, reserved 1048576K
}
Event: 72.740 GC heap after
{Heap after GC invocations=43 (full 0):
 garbage-first heap   total 265216K, used 111616K [0x0000000080000000, 0x0000000100000000)
  region size 1024K, 8 young (8192K), 8 survivors (8192K)
 Metaspace       used 113285K, committed 114048K, reserved 1179648K
  class space    used 15126K, committed 15488K, reserved 1048576K
}

